<?xml version="1.0" encoding="UTF-8"?>
<testng-results skipped="0" failed="0" ignored="0" total="1" passed="1">
  <reporter-output>
  </reporter-output>
  <suite name="Suite2" duration-ms="9416" started-at="2018-03-25T06:05:18Z" finished-at="2018-03-25T06:05:27Z">
    <groups>
    </groups>
    <test name="Test2" duration-ms="9416" started-at="2018-03-25T06:05:18Z" finished-at="2018-03-25T06:05:27Z">
      <class name="testscripts.Rediff_login">
        <test-method status="PASS" signature="login()[pri:0, instance:testscripts.Rediff_login@71be98f5]" name="login" duration-ms="9378" started-at="2018-03-25T06:05:18Z" finished-at="2018-03-25T06:05:27Z">
          <reporter-output>
          </reporter-output>
        </test-method> <!-- login -->
      </class> <!-- testscripts.Rediff_login -->
    </test> <!-- Test2 -->
  </suite> <!-- Suite2 -->
</testng-results>
