<?xml version="1.0" encoding="UTF-8"?>
<testng-results skipped="0" failed="0" ignored="0" total="1" passed="1">
  <reporter-output>
  </reporter-output>
  <suite name="Default suite" duration-ms="20771" started-at="2018-03-31T04:30:11Z" finished-at="2018-03-31T04:30:32Z">
    <groups>
    </groups>
    <test name="Default test" duration-ms="20771" started-at="2018-03-31T04:30:11Z" finished-at="2018-03-31T04:30:32Z">
      <class name="testscripts.Rediff_login">
        <test-method status="PASS" signature="login()[pri:0, instance:testscripts.Rediff_login@47c62251]" name="login" duration-ms="20700" started-at="2018-03-31T04:30:11Z" finished-at="2018-03-31T04:30:32Z">
          <reporter-output>
          </reporter-output>
        </test-method> <!-- login -->
      </class> <!-- testscripts.Rediff_login -->
    </test> <!-- Default test -->
  </suite> <!-- Default suite -->
</testng-results>
